0 info it worked if it ends with ok
1 verbose cli [ '/usr/local/Cellar/node/0.8.18/bin/node',
1 verbose cli   '/usr/local/bin/npm',
1 verbose cli   'install',
1 verbose cli   '-g',
1 verbose cli   'grunt-cli' ]
2 info using npm@1.2.2
3 info using node@v0.8.18
4 verbose read json /usr/local/share/npm/lib/package.json
5 verbose read json /usr/local/share/npm/lib/package.json
6 verbose cache add [ 'grunt-cli', null ]
7 verbose cache add name=undefined spec="grunt-cli" args=["grunt-cli",null]
8 verbose parsed url { pathname: 'grunt-cli', path: 'grunt-cli', href: 'grunt-cli' }
9 silly lockFile 671ef8ac-grunt-cli grunt-cli
10 verbose lock grunt-cli /Users/spencermontalvo/.npm/671ef8ac-grunt-cli.lock
11 silly lockFile 671ef8ac-grunt-cli grunt-cli
12 verbose addNamed [ 'grunt-cli', '' ]
13 verbose addNamed [ null, '' ]
14 silly lockFile d63f3d0b-grunt-cli grunt-cli@
15 verbose lock grunt-cli@ /Users/spencermontalvo/.npm/d63f3d0b-grunt-cli.lock
16 silly addNameRange { name: 'grunt-cli', range: '', hasData: false }
17 verbose url raw grunt-cli
18 verbose url resolving [ 'https://registry.npmjs.org/', './grunt-cli' ]
19 verbose url resolved https://registry.npmjs.org/grunt-cli
20 info trying registry request attempt 1 at 02:39:08
21 verbose etag "D25ZY17U5MSA0I3CUYE581FXG"
22 http GET https://registry.npmjs.org/grunt-cli
23 http 200 https://registry.npmjs.org/grunt-cli
24 silly registry.get cb [ 200,
24 silly registry.get   { vary: 'Accept',
24 silly registry.get     server: 'CouchDB/1.2.1 (Erlang OTP/R15B03)',
24 silly registry.get     etag: '"66BAKMJEGWU0JP0CDURBAT5XG"',
24 silly registry.get     date: 'Sun, 17 Mar 2013 09:39:07 GMT',
24 silly registry.get     'content-type': 'application/json',
24 silly registry.get     'content-length': '14144' } ]
25 silly addNameRange number 2 { name: 'grunt-cli', range: '', hasData: true }
26 silly addNameRange versions [ 'grunt-cli',
26 silly addNameRange   [ '0.1.0', '0.1.1', '0.1.2', '0.1.3', '0.1.4', '0.1.5', '0.1.6' ] ]
27 verbose addNamed [ 'grunt-cli', '0.1.6' ]
28 verbose addNamed [ '0.1.6', '0.1.6' ]
29 silly lockFile dc8a40ae-grunt-cli-0-1-6 grunt-cli@0.1.6
30 verbose lock grunt-cli@0.1.6 /Users/spencermontalvo/.npm/dc8a40ae-grunt-cli-0-1-6.lock
31 verbose read json /Users/spencermontalvo/.npm/grunt-cli/0.1.6/package/package.json
32 silly lockFile dc8a40ae-grunt-cli-0-1-6 grunt-cli@0.1.6
33 silly lockFile d63f3d0b-grunt-cli grunt-cli@
34 silly resolved [ { name: 'grunt-cli',
34 silly resolved     description: 'The grunt command line interface.',
34 silly resolved     version: '0.1.6',
34 silly resolved     author: { name: 'Grunt Team' },
34 silly resolved     homepage: 'http://gruntjs.com/',
34 silly resolved     repository: { type: 'git', url: 'git://github.com/gruntjs/grunt-cli.git' },
34 silly resolved     bugs: { url: 'http://github.com/gruntjs/grunt-cli/issues' },
34 silly resolved     licenses: [ [Object] ],
34 silly resolved     bin: { grunt: 'bin/grunt' },
34 silly resolved     engines: { node: '>= 0.8.0' },
34 silly resolved     scripts: { test: './bin/grunt test' },
34 silly resolved     preferGlobal: true,
34 silly resolved     dependencies: { nopt: '~1.0.10', 'findup-sync': '~0.1.0' },
34 silly resolved     devDependencies: { grunt: '~0.4.0rc4', 'grunt-contrib-jshint': '~0.1.0' },
34 silly resolved     contributors: [ [Object], [Object], [Object] ],
34 silly resolved     readme: '# grunt-cli [![Build Status](https://secure.travis-ci.org/gruntjs/grunt-cli.png?branch=master)](http://travis-ci.org/gruntjs/grunt-cli)\n> The grunt command line interface.\n\nInstall this globally and you\'ll have access to the `grunt` command anywhere on your system.\n\n```shell\nnpm install -g grunt-cli\n```\n\n**Note:** The job of the `grunt` command is to load and run the version of grunt you have installed locally to your project, irrespective of its version.  Starting with grunt v0.4, you should never install grunt itself globally.  For more information about why, [please read this](http://blog.nodejs.org/2011/03/23/npm-1-0-global-vs-local-installation).\n\nSee the grunt [Getting Started](http://gruntjs.com/getting-started) guide for more information.\n\n## Shell tab auto-completion\nTo enable bash tab auto-completion for grunt, add the following line to your `~/.bashrc` file. Currently, the only supported shell is bash.\n\n```bash\neval "$(grunt --completion=bash)"\n```\n',
34 silly resolved     readmeFilename: 'README.md',
34 silly resolved     _id: 'grunt-cli@0.1.6',
34 silly resolved     _from: 'grunt-cli@' } ]
35 info install grunt-cli@0.1.6 into /usr/local/share/npm/lib
36 info installOne grunt-cli@0.1.6
37 verbose from cache /Users/spencermontalvo/.npm/grunt-cli/0.1.6/package/package.json
38 info /usr/local/share/npm/lib/node_modules/grunt-cli unbuild
39 verbose read json /usr/local/share/npm/lib/node_modules/grunt-cli/package.json
40 info preuninstall grunt-cli@0.1.6
41 info uninstall grunt-cli@0.1.6
42 verbose true,/usr/local/share/npm/lib/node_modules,/usr/local/share/npm/lib/node_modules unbuild grunt-cli@0.1.6
43 verbose /usr/local/share/npm/bin,[object Object] binRoot
44 info /usr/local/share/npm/lib/node_modules/grunt-cli unbuild
45 verbose read json /usr/local/share/npm/lib/node_modules/grunt-cli/package.json
46 info preuninstall grunt-cli@0.1.6
47 info uninstall grunt-cli@0.1.6
48 verbose true,/usr/local/share/npm/lib/node_modules,/usr/local/share/npm/lib/node_modules unbuild grunt-cli@0.1.6
49 verbose /usr/local/share/npm/bin,[object Object] binRoot
50 error error rolling back Error: Refusing to delete: /usr/local/share/npm/bin/grunt not in /usr/local/share/npm/lib/node_modules/grunt-cli
50 error error rolling back     at clobberFail (/usr/local/Cellar/node/0.8.18/lib/node_modules/npm/lib/utils/gently-rm.js:41:12)
50 error error rolling back     at next (/usr/local/Cellar/node/0.8.18/lib/node_modules/npm/lib/utils/gently-rm.js:27:14)
50 error error rolling back     at /usr/local/Cellar/node/0.8.18/lib/node_modules/npm/lib/utils/gently-rm.js:36:12
50 error error rolling back     at Object.oncomplete (fs.js:297:15)
50 error error rolling back  grunt-cli@0.1.6 { [Error: Refusing to delete: /usr/local/share/npm/bin/grunt not in /usr/local/share/npm/lib/node_modules/grunt-cli] code: 'EEXIST', path: '/usr/local/share/npm/bin/grunt' }
51 error Refusing to delete: /usr/local/share/npm/bin/grunt not in /usr/local/share/npm/lib/node_modules/grunt-cli
File exists: /usr/local/share/npm/bin/grunt
Move it away, and try again.
52 error System Darwin 12.2.0
53 error command "/usr/local/Cellar/node/0.8.18/bin/node" "/usr/local/bin/npm" "install" "-g" "grunt-cli"
54 error cwd /Library/WebServer/Documents/scripts
55 error node -v v0.8.18
56 error npm -v 1.2.2
57 error path /usr/local/share/npm/bin/grunt
58 error code EEXIST
59 verbose exit [ 1, true ]
